test.osl:2: error: shader output parameter 'c' can't be unsized array
FAILED test.osl
