test.osl:8: error: No matching function call to 'funca ()'
  Candidates are:
    test.osl:3	void funca (int, int)
    test.osl:2	void funca (int)
test.osl:9: error: No matching function call to 'funca (int, int, int)'
  Candidates are:
    test.osl:3	void funca (int, int)
    test.osl:2	void funca (int)
FAILED test.osl
