test.osl:15: error: struct 'testStruct' is not a valid argument
test.osl:16: error: struct 'testStruct' is not a valid argument
FAILED test.osl
